TN:
SF:src/core/text.ts
FN:1,escapeRegExp
FN:5,isWordLike
FN:9,createWholeWordPattern
FN:13,createWordTokenPattern
FN:17,preserveReplacementCase
FN:33,buildContext
FN:43,dedupeStrings
FN:47,normalizeDictionaryWord
FN:51,stripDiacritics
FNF:9
FNH:9
FNDA:2,escapeRegExp
FNDA:3,isWordLike
FNDA:1,createWholeWordPattern
FNDA:1,createWordTokenPattern
FNDA:4,preserveReplacementCase
FNDA:1,buildContext
FNDA:1,dedupeStrings
FNDA:1,normalizeDictionaryWord
FNDA:1,stripDiacritics
DA:1,1
DA:2,2
DA:3,2
DA:4,1
DA:5,1
DA:6,3
DA:7,3
DA:8,1
DA:9,1
DA:10,1
DA:11,1
DA:12,1
DA:13,1
DA:14,1
DA:15,1
DA:16,1
DA:17,1
DA:18,4
DA:19,1
DA:20,1
DA:21,3
DA:22,4
DA:23,1
DA:24,1
DA:25,2
DA:26,4
DA:27,1
DA:28,1
DA:29,1
DA:30,1
DA:31,4
DA:32,1
DA:33,1
DA:34,1
DA:35,1
DA:36,1
DA:37,1
DA:38,1
DA:39,1
DA:40,1
DA:41,1
DA:42,1
DA:43,1
DA:44,1
DA:45,1
DA:46,1
DA:47,1
DA:48,1
DA:49,1
DA:50,1
DA:51,1
DA:52,1
DA:53,1
LF:53
LH:53
BRDA:1,0,0,1
BRDA:1,1,0,2
BRDA:5,2,0,3
BRDA:9,3,0,1
BRDA:13,4,0,1
BRDA:17,5,0,4
BRDA:18,6,0,1
BRDA:21,7,0,3
BRDA:22,8,0,1
BRDA:22,9,0,1
BRDA:25,10,0,2
BRDA:26,11,0,1
BRDA:26,12,0,1
BRDA:33,13,0,1
BRDA:43,14,0,1
BRDA:47,15,0,1
BRDA:51,16,0,1
BRF:17
BRH:17
end_of_record
